<?xml version="1.0" encoding="UTF-8"?>
<testsuite xmlns:xsi="http://www.w3.org/2001/XMLSchema-instance" xsi:noNamespaceSchemaLocation="https://maven.apache.org/surefire/maven-surefire-plugin/xsd/surefire-test-report.xsd" version="3.0.2" name="com.example.food.FoodApplicationTests" time="1.141" tests="7" errors="0" skipped="0" failures="0" flakes="0">
  <properties>
[...]
</properties>
  <testcase name="testUserRegistrationAndLogin" classname="com.example.food.FoodApplicationTests" time="0.43">
    <system-out><![CDATA[2026-09-22T22:13:34.158+05:30  INFO 10684 --- [food] [           main] t.c.s.AnnotationConfigContextLoaderUtils : Could not detect default configuration classes for test class [com.example.food.FoodApplicationTests]: FoodApplicationTests does not declare any static, non-private, non-final, nested classes annotated with @Configuration.
2026-09-22T22:13:34.164+05:30  INFO 10684 --- [food] [           main] .b.t.c.SpringBootTestContextBootstrapper : Found @SpringBootConfiguration com.example.food.FoodApplication for test class com.example.food.FoodApplicationTests
2026-09-22T22:13:34.166+05:30  INFO 10684 --- [food] [           main] t.c.s.AnnotationConfigContextLoaderUtils : Could not detect default configuration classes for test class [com.example.food.FoodApplicationTests]: FoodApplicationTests does not declare any static, non-private, non-final, nested classes annotated with @Configuration.
2026-09-22T22:13:34.168+05:30  INFO 10684 --- [food] [           main] .b.t.c.SpringBootTestContextBootstrapper : Found @SpringBootConfiguration com.example.food.FoodApplication for test class com.example.food.FoodApplicationTests
Hibernate: select u1_0.id from users u1_0 where u1_0.email_id=? fetch first ? rows only
Hibernate: insert into users (email_id,is_available,name,password,role,id) values (?,?,?,?,?,default)
Hibernate: select u1_0.id from users u1_0 where u1_0.email_id=? fetch first ? rows only
Hibernate: select u1_0.id,u1_0.email_id,u1_0.is_available,u1_0.name,u1_0.password,u1_0.role from users u1_0 where u1_0.email_id=?
Hibernate: select u1_0.id,u1_0.email_id,u1_0.is_available,u1_0.name,u1_0.password,u1_0.role from users u1_0 where u1_0.email_id=?
]]></system-out>
  </testcase>
  <testcase name="testRestaurantAndFoodItemFlow" classname="com.example.food.FoodApplicationTests" time="0.038">
    <system-out><![CDATA[Hibernate: insert into restaurants (is_open,location,name,id) values (?,?,?,default)
Hibernate: insert into food_items (name,price,restaurant_id,id) values (?,?,?,default)
Hibernate: insert into food_items (name,price,restaurant_id,id) values (?,?,?,default)
Hibernate: select fi1_0.id,fi1_0.name,fi1_0.price,fi1_0.restaurant_id from food_items fi1_0 where fi1_0.restaurant_id=?
]]></system-out>
  </testcase>
  <testcase name="testResourceNotFoundExceptions" classname="com.example.food.FoodApplicationTests" time="0.024">
    <system-out><![CDATA[Hibernate: select u1_0.id,u1_0.email_id,u1_0.is_available,u1_0.name,u1_0.password,u1_0.role from users u1_0 where u1_0.id=?
Hibernate: select r1_0.id,r1_0.is_open,r1_0.location,r1_0.name from restaurants r1_0 where r1_0.id=?
Hibernate: select fi1_0.id,fi1_0.name,fi1_0.price,r1_0.id,r1_0.is_open,r1_0.location,r1_0.name from food_items fi1_0 left join restaurants r1_0 on r1_0.id=fi1_0.restaurant_id where fi1_0.id=?
Hibernate: select fo1_0.id,fo1_0.customer_id,c1_0.id,c1_0.email_id,c1_0.is_available,c1_0.name,c1_0.password,c1_0.role,d1_0.id,d1_0.email_id,d1_0.is_available,d1_0.name,d1_0.password,d1_0.role,fo1_0.order_time,fo1_0.status,fo1_0.total_amount from food_orders fo1_0 join users c1_0 on c1_0.id=fo1_0.customer_id left join users d1_0 on d1_0.id=fo1_0.delivery_partner_id where fo1_0.id=?
]]></system-out>
  </testcase>
  <testcase name="testDeliveryPartnerAssignmentAndConflictPrevention" classname="com.example.food.FoodApplicationTests" time="0.314">
    <system-out><![CDATA[Hibernate: select u1_0.id from users u1_0 where u1_0.email_id=? fetch first ? rows only
Hibernate: insert into users (email_id,is_available,name,password,role,id) values (?,?,?,?,?,default)
Hibernate: select u1_0.id from users u1_0 where u1_0.email_id=? fetch first ? rows only
Hibernate: insert into users (email_id,is_available,name,password,role,id) values (?,?,?,?,?,default)
Hibernate: insert into restaurants (is_open,location,name,id) values (?,?,?,default)
Hibernate: insert into food_items (name,price,restaurant_id,id) values (?,?,?,default)
Hibernate: select fi1_0.id,fi1_0.name,fi1_0.price,fi1_0.restaurant_id from food_items fi1_0 where fi1_0.id in (?)
Hibernate: insert into food_orders (customer_id,delivery_partner_id,order_time,status,total_amount,id) values (?,?,?,?,?,default)
Hibernate: select fi1_0.id,fi1_0.name,fi1_0.price,fi1_0.restaurant_id from food_items fi1_0 where fi1_0.id in (?)
Hibernate: insert into food_orders (customer_id,delivery_partner_id,order_time,status,total_amount,id) values (?,?,?,?,?,default)
Hibernate: select fo1_0.id,fo1_0.customer_id,fo1_0.delivery_partner_id,fo1_0.order_time,fo1_0.status,fo1_0.total_amount from food_orders fo1_0 where fo1_0.delivery_partner_id=? and fo1_0.status in (?,?,?)
Hibernate: update food_orders set customer_id=?,delivery_partner_id=?,order_time=?,status=?,total_amount=? where id=?
Hibernate: insert into order_food_items (order_id,food_item_id) values (?,?)
Hibernate: insert into order_food_items (order_id,food_item_id) values (?,?)
Hibernate: select fo1_0.id,fo1_0.customer_id,fo1_0.delivery_partner_id,fo1_0.order_time,fo1_0.status,fo1_0.total_amount from food_orders fo1_0 where fo1_0.delivery_partner_id=? and fo1_0.status in (?,?,?)
Hibernate: update food_orders set customer_id=?,delivery_partner_id=?,order_time=?,status=?,total_amount=? where id=?
Hibernate: select fo1_0.id,fo1_0.customer_id,fo1_0.delivery_partner_id,fo1_0.order_time,fo1_0.status,fo1_0.total_amount from food_orders fo1_0 where fo1_0.delivery_partner_id=? and fo1_0.status in (?,?,?)
]]></system-out>
  </testcase>
  <testcase name="testOrderCancellation" classname="com.example.food.FoodApplicationTests" time="0.145">
    <system-out><![CDATA[Hibernate: select u1_0.id from users u1_0 where u1_0.email_id=? fetch first ? rows only
Hibernate: insert into users (email_id,is_available,name,password,role,id) values (?,?,?,?,?,default)
Hibernate: insert into restaurants (is_open,location,name,id) values (?,?,?,default)
Hibernate: insert into food_items (name,price,restaurant_id,id) values (?,?,?,default)
Hibernate: select fi1_0.id,fi1_0.name,fi1_0.price,fi1_0.restaurant_id from food_items fi1_0 where fi1_0.id in (?)
Hibernate: insert into food_orders (customer_id,delivery_partner_id,order_time,status,total_amount,id) values (?,?,?,?,?,default)
]]></system-out>
  </testcase>
  <testcase name="testOrderCreationCalculationAndHistory" classname="com.example.food.FoodApplicationTests" time="0.152">
    <system-out><![CDATA[Hibernate: select u1_0.id from users u1_0 where u1_0.email_id=? fetch first ? rows only
Hibernate: insert into users (email_id,is_available,name,password,role,id) values (?,?,?,?,?,default)
Hibernate: insert into restaurants (is_open,location,name,id) values (?,?,?,default)
Hibernate: insert into food_items (name,price,restaurant_id,id) values (?,?,?,default)
Hibernate: insert into food_items (name,price,restaurant_id,id) values (?,?,?,default)
Hibernate: select fi1_0.id,fi1_0.name,fi1_0.price,fi1_0.restaurant_id from food_items fi1_0 where fi1_0.id in (?,?)
Hibernate: insert into food_orders (customer_id,delivery_partner_id,order_time,status,total_amount,id) values (?,?,?,?,?,default)
Hibernate: select fo1_0.id,fo1_0.customer_id,fo1_0.delivery_partner_id,fo1_0.order_time,fo1_0.status,fo1_0.total_amount from food_orders fo1_0 where fo1_0.customer_id=?
]]></system-out>
  </testcase>
  <testcase name="contextLoads" classname="com.example.food.FoodApplicationTests" time="0.0"/>
</testsuite>